xxxx
xxxx
0356
0356
06ad
06ad
0d5a
0d5a
1ab4
1ab4
3568
3568
6ad1
6ad1
d5a2
d5a2
ab44
ab44
5688
5688
ad10
ad10
5a20
5a20
b441
b441
6883
6883
d106
d106
a20c
a20c
4419
4419
8833
8833
1066
1066
20cc
20cc
4198
4198
8331
8331
0662
0662
0cc5
0cc5
198b
198b
3317
3317
662e
662e
cc5d
cc5d
98ba
98ba
3174
3174
62e8
62e8
c5d1
c5d1
8ba3
8ba3
1746
1746
2e8c
2e8c
5d18
5d18
ba30
ba30
7461
7461
e8c3
e8c3
d187
d187
a30e
a30e
461d
461d
8c3b
8c3b
1877
1877
30ee
30ee
61dd
61dd
c3bb
c3bb
8776
8776
0eec
0eec
1dd8
1dd8
3bb1
3bb1
7762
7762
eec5
eec5
dd8b
dd8b
bb17
bb17
762f
762f
ec5e
ec5e
d8bc
d8bc
b179
b179
62f2
62f2
c5e4
c5e4
8bc9
8bc9
1793
1793
2f26
2f26
5e4d
5e4d
bc9a
bc9a
7934
7934
f269
f269
e4d3
e4d3
c9a7
c9a7
934f
934f
269e
269e
4d3c
4d3c
9a79
9a79
34f2
34f2
69e4
69e4
d3c8
d3c8
a791
a791
4f22
4f22
9e44
9e44
3c89
3c89
7913
7913
f227
f227
e44e
e44e
c89c
c89c
9138
9138
2270
2270
44e1
44e1
89c2
89c2
1384
1384
2708
2708
4e10
4e10
9c20
9c20
3841
3841
7082
7082
e105
e105
c20b
c20b
8416
8416
082c
082c
1058
1058
20b1
20b1
4163
4163
82c6
82c6
058c
058c
0b18
0b18
1630
1630
2c60
2c60
58c1
58c1
b183
b183
6307
6307
c60e
c60e
8c1c
8c1c
1839
1839
3073
3073
60e6
60e6
c1cc
c1cc
8398
8398
0731
0731
0e63
0e63
1cc7
1cc7
398e
398e
731d
731d
e63a
e63a
cc74
cc74
98e9
98e9
31d2
31d2
63a4
63a4
c748
c748
8e90
8e90
1d20
1d20
3a40
3a40
7480
7480
e901
e901
d203
d203
a406
a406
480c
480c
9019
9019
2032
2032
4065
4065
80ca
80ca
0195
0195
032b
032b
0656
0656
0cad
0cad
195a
195a
32b5
32b5
656a
656a
cad5
cad5
95ab
95ab
2b56
2b56
56ad
56ad
ad5a
ad5a
5ab5
5ab5
b56b
b56b
6ad6
6ad6
d5ac
d5ac
ab59
ab59
56b3
56b3
ad67
ad67
5ace
5ace
b59c
b59c
6b38
6b38
d671
d671
ace2
ace2
59c4
59c4
b389
b389
6712
6712
ce24
ce24
9c49
9c49
3892
3892
7124
7124
e249
e249
c492
c492
8925
8925
124a
124a
2495
2495
492b
492b
9257
9257
24af
24af
495e
495e
92bd
92bd
257a
257a
4af4
4af4
95e8
95e8
2bd0
2bd0
57a1
57a1
af43
af43
5e86
5e86
bd0d
bd0d
7a1a
7a1a
f434
f434
e868
e868
d0d0
d0d0
a1a0
a1a0
4340
4340
8680
8680
0d00
0d00
1a01
1a01
3402
3402
6804
6804
d008
d008
a011
a011
4022
4022
8044
8044
0088
0088
0110
0110
0221
0221
0443
0443
0887
0887
110f
110f
221f
221f
443e
443e
887d
887d
10fb
10fb
21f7
21f7
43ef
43ef
87df
87df
0fbf
0fbf
1f7e
1f7e
3efd
3efd
7dfb
7dfb
fbf6
fbf6
f7ec
f7ec
efd9
efd9
dfb2
dfb2
bf64
bf64
7ec9
7ec9
fd92
fd92
fb24
fb24
f648
f648
ec91
ec91
d923
d923
b246
b246
648d
648d
c91b
c91b
9236
9236
246d
246d
48da
48da
91b5
91b5
236b
236b
46d6
46d6
8dac
8dac
1b59
1b59
36b3
36b3
6d66
6d66
dacc
dacc
b599
b599
6b32
6b32
d664
d664
acc8
acc8
5991
5991
b323
b323
6647
6647
cc8e
cc8e
991c
991c
3238
3238
6471
6471
c8e2
c8e2
91c5
91c5
238b
238b
4716
4716
8e2c
8e2c
1c59
1c59
38b3
38b3
7166
7166
e2cd
e2cd
c59a
c59a
8b34
8b34
1668
1668
2cd1
2cd1
59a3
59a3
b347
b347
668f
668f
cd1f
cd1f
9a3e
9a3e
347c
347c
68f9
68f9
d1f3
d1f3
a3e6
a3e6
47cc
47cc
8f99
8f99
1f33
1f33
3e66
3e66
7ccc
7ccc
f998
f998
f331
f331
e662
e662
ccc5
ccc5
998b
998b
3316
3316
662c
662c
cc59
cc59
98b2
98b2
3165
3165
62ca
62ca
c595
c595
8b2b
8b2b
1657
1657
2cae
2cae
595c
595c
b2b8
b2b8
6570
6570
cae0
cae0
95c1
95c1
2b83
2b83
5707
5707
ae0f
ae0f
5c1f
5c1f
b83e
b83e
707c
707c
e0f8
e0f8
c1f0
c1f0
83e1
83e1
07c2
07c2
0f85
0f85
1f0b
1f0b
3e17
3e17
7c2e
7c2e
f85c
f85c
f0b9
f0b9
e173
e173
c2e7
c2e7
85cf
85cf
0b9f
0b9f
173e
173e
2e7d
2e7d
5cfa
5cfa
b9f4
b9f4
73e9
73e9
e7d2
e7d2
cfa5
cfa5
9f4b
9f4b
3e96
3e96
7d2c
7d2c
fa58
fa58
f4b1
f4b1
e962
e962
d2c5
d2c5
a58a
a58a
4b15
4b15
962a
962a
2c54
2c54
58a9
58a9
b152
b152
62a5
62a5
c54a
c54a
8a94
8a94
1528
1528
2a51
2a51
54a3
54a3
a947
a947
528e
528e
a51c
a51c
4a39
4a39
9473
9473
28e7
28e7
51cf
51cf
a39e
a39e
473d
473d
8e7b
8e7b
1cf7
1cf7
39ee
39ee
73dd
73dd
e7ba
e7ba
cf74
cf74
9ee9
9ee9
3dd2
3dd2
7ba4
7ba4
f749
f749
ee93
ee93
dd27
dd27
ba4e
ba4e
749c
749c
e938
e938
d270
d270
a4e0
a4e0
49c0
49c0
9380
9380
2701
2701
4e03
4e03
9c06
9c06
380d
380d
701b
701b
e036
e036
c06d
c06d
80da
80da
01b5
01b5
036b
036b
06d6
06d6
0dad
0dad
1b5a
1b5a
36b5
36b5
6d6a
6d6a
dad5
dad5
b5aa
b5aa
6b54
6b54
d6a8
d6a8
ad51
ad51
5aa2
5aa2
b545
b545
6a8b
6a8b
d517
d517
aa2e
aa2e
545d
545d
a8ba
a8ba
5175
5175
a2eb
a2eb
45d7
45d7
8bae
8bae
175d
175d
2ebb
2ebb
5d76
5d76
baed
baed
75da
75da
ebb4
ebb4
d769
d769
aed3
aed3
5da6
5da6
bb4d
bb4d
769a
769a
ed34
ed34
da69
da69
b4d3
b4d3
69a7
69a7
d34e
d34e
a69d
a69d
4d3b
4d3b
9a77
9a77
34ef
34ef
69df
69df
d3bf
d3bf
a77f
a77f
4eff
4eff
9dff
9dff
3bfe
3bfe
77fd
77fd
effa
effa
dff4
dff4
bfe8
bfe8
7fd0
7fd0
ffa1
ffa1
ff42
ff42
fe84
fe84
fd08
fd08
fa11
fa11
f422
f422
e844
e844
d089
d089
a113
a113
4226
4226
844c
844c
0899
0899
1132
1132
2264
2264
44c9
44c9
8993
8993
1326
1326
264c
264c
4c98
4c98
9931
9931
3263
3263
64c6
64c6
c98c
c98c
9318
9318
2630
2630
4c61
4c61
98c2
98c2
3185
3185
630a
630a
c615
c615
8c2b
8c2b
1857
1857
30ae
30ae
615d
615d
c2bb
c2bb
8576
8576
0aec
0aec
15d8
15d8
2bb1
2bb1
5763
5763
aec7
aec7
5d8e
5d8e
bb1c
bb1c
7638
7638
ec70
ec70
d8e1
d8e1
b1c2
b1c2
6385
6385
c70a
c70a
8e14
8e14
1c28
1c28
3851
3851
70a2
70a2
e145
e145
c28b
c28b
8516
8516
0a2c
0a2c
1458
1458
28b1
28b1
5163
5163
a2c7
a2c7
458e
458e
8b1d
8b1d
163b
163b
2c77
2c77
58ef
58ef
b1de
b1de
63bc
63bc
c779
c779
8ef2
8ef2
1de4
1de4
3bc8
3bc8
7791
7791
ef23
ef23
de47
de47
bc8e
bc8e
791c
791c
f238
f238
e471
e471
c8e3
c8e3
91c7
91c7
238f
238f
471e
471e
8e3d
8e3d
1c7b
1c7b
38f7
38f7
71ee
71ee
e3dc
e3dc
c7b8
c7b8
8f70
8f70
1ee0
1ee0
3dc0
3dc0
7b80
7b80
f701
f701
ee02
ee02
dc05
dc05
b80a
b80a
7014
7014
e029
e029
c052
c052
80a5
80a5
014a
014a
0294
0294
0529
0529
0a52
0a52
14a5
14a5
294a
294a
5294
5294
a529
a529
4a53
4a53
94a6
94a6
294d
294d
529a
529a
a534
a534
4a68
4a68
94d1
94d1
29a3
29a3
5347
5347
a68f
a68f
4d1f
4d1f
9a3f
9a3f
347e
347e
68fd
68fd
d1fb
d1fb
a3f7
a3f7
47ee
47ee
8fdd
8fdd
1fbb
1fbb
3f77
3f77
7eee
7eee
fddc
fddc
fbb9
fbb9
f773
f773
eee6
eee6
ddcd
ddcd
bb9b
bb9b
7736
7736
ee6d
ee6d
dcda
dcda
b9b5
b9b5
736b
736b
e6d6
e6d6
cdad
cdad
9b5a
9b5a
36b4
36b4
6d68
6d68
dad1
dad1
b5a2
b5a2
6b45
6b45
d68a
d68a
ad15
ad15
5a2a
5a2a
b454
b454
68a9
68a9
d153
d153
a2a6
a2a6
454c
454c
8a99
8a99
1533
1533
2a66
2a66
54cd
54cd
a99a
a99a
5335
5335
a66b
a66b
4cd7
4cd7
99ae
99ae
335c
335c
66b9
66b9
cd73
cd73
9ae7
9ae7
35cf
35cf
6b9f
6b9f
d73f
d73f
ae7f
ae7f
5cff
5cff
b9fe
b9fe
73fc
73fc
e7f8
e7f8
cff0
cff0
9fe1
9fe1
3fc3
3fc3
7f86
7f86
ff0d
ff0d
fe1b
fe1b
fc37
fc37
f86e
f86e
f0dd
f0dd
e1bb
e1bb
c376
c376
86ed
86ed
0ddb
0ddb
1bb6
1bb6
376c
376c
6ed9
6ed9
ddb3
ddb3
bb66
bb66
76cd
76cd
ed9a
ed9a
db34
db34
b668
b668
6cd0
6cd0
d9a0
d9a0
b340
b340
6681
6681
cd02
cd02
9a05
9a05
340b
340b
6817
6817
d02e
d02e
a05d
a05d
40bb
40bb
8177
8177
02ee
02ee
05dc
05dc
0bb8
0bb8
1770
1770
2ee0
2ee0
5dc1
5dc1
bb83
bb83
7707
7707
ee0f
ee0f
dc1e
dc1e
b83d
b83d
707a
707a
e0f4
e0f4
c1e9
c1e9
83d2
83d2
07a4
07a4
0f49
0f49
1e92
1e92
3d24
3d24
7a48
7a48
f490
f490
e920
e920
d241
d241
a482
a482
4904
4904
9208
9208
2410
2410
4821
4821
9042
9042
2085
2085
410b
410b
8217
8217
042e
042e
085c
085c
10b8
10b8
2171
2171
42e3
42e3
85c6
85c6
0b8c
0b8c
1718
1718
2e31
2e31
5c63
5c63
b8c7
b8c7
718f
718f
e31e
e31e
c63c
c63c
8c78
8c78
18f1
18f1
31e2
31e2
63c4
63c4
c788
c788
8f10
8f10
1e20
1e20
3c40
3c40
7880
7880
f101
f101
e202
e202
c405
c405
880b
880b
1017
1017
202e
202e
405c
405c
80b9
80b9
0173
0173
02e7
02e7
05cf
05cf
0b9e
0b9e
173c
173c
2e79
2e79
5cf2
5cf2
b9e5
b9e5
73cb
73cb
e796
e796
cf2d
cf2d
9e5a
9e5a
3cb4
3cb4
7968
7968
f2d0
f2d0
e5a0
e5a0
cb41
cb41
9683
9683
2d07
2d07
5a0f
5a0f
b41e
b41e
683c
683c
d079
d079
a0f3
a0f3
41e6
41e6
83cc
83cc
0799
0799
0f32
0f32
1e65
1e65
3cca
3cca
7995
7995
f32b
f32b
e657
e657
ccaf
ccaf
995e
995e
32bc
32bc
6579
6579
caf3
caf3
95e7
95e7
2bcf
2bcf
579e
579e
af3c
af3c
5e79
5e79
bcf2
bcf2
79e5
79e5
f3cb
f3cb
e797
e797
cf2f
cf2f
9e5e
9e5e
3cbc
3cbc
7979
7979
f2f2
f2f2
e5e4
e5e4
cbc9
cbc9
9792
9792
2f25
2f25
5e4b
5e4b
bc96
bc96
792d
792d
f25a
f25a
e4b5
e4b5
c96b
c96b
92d6
92d6
25ad
25ad
4b5a
4b5a
96b5
96b5
2d6b
2d6b
5ad6
5ad6
b5ad
b5ad
6b5a
6b5a
d6b5
d6b5
ad6a
ad6a
5ad5
5ad5
b5ab
b5ab
6b56
6b56
d6ac
d6ac
ad59
ad59
5ab3
5ab3
b567
b567
6acf
6acf
d59f
d59f
ab3f
ab3f
567f
567f
acfe
acfe
59fd
59fd
b3fa
b3fa
67f4
67f4
cfe8
cfe8
9fd0
9fd0
3fa1
3fa1
7f42
7f42
fe85
fe85
fd0a
fd0a
fa15
fa15
f42a
f42a
e855
e855
d0ab
d0ab
a157
a157
42ae
42ae
855d
855d
0abb
0abb
1576
1576
2aec
2aec
55d8
55d8
abb0
abb0
5760
5760
aec1
aec1
5d82
5d82
bb05
bb05
760b
760b
ec16
ec16
d82d
d82d
b05b
b05b
60b6
60b6
c16c
c16c
82d8
82d8
05b1
05b1
0b63
0b63
16c7
16c7
2d8e
2d8e
5b1c
5b1c
b638
b638
6c70
6c70
d8e0
d8e0
b1c0
b1c0
6381
6381
c702
c702
8e05
8e05
1c0a
1c0a
3815
3815
702a
702a
e054
e054
c0a9
c0a9
8152
8152
02a4
02a4
0549
0549
0a92
0a92
1525
1525
2a4a
2a4a
5494
5494
a929
a929
5253
5253
a4a7
a4a7
494e
494e
929d
929d
253a
253a
4a74
4a74
94e8
94e8
29d0
29d0
53a1
53a1
a743
a743
4e86
4e86
9d0c
9d0c
3a18
3a18
7431
7431
e863
e863
d0c7
d0c7
a18e
a18e
431d
431d
863b
863b
0c77
0c77
18ef
18ef
31df
31df
63bf
63bf
c77f
c77f
8efe
8efe
1dfd
1dfd
3bfb
3bfb
77f7
77f7
efef
efef
dfde
dfde
bfbd
bfbd
7f7a
7f7a
fef4
fef4
fde8
fde8
fbd1
fbd1
f7a2
f7a2
ef44
ef44
de89
de89
bd13
bd13
7a27
7a27
f44f
f44f
e89f
e89f
d13e
d13e
a27d
a27d
44fb
44fb
89f7
89f7
13ee
13ee
27dd
27dd
4fba
4fba
9f75
9f75
3eeb
3eeb
7dd7
7dd7
fbaf
fbaf
f75f
f75f
eebf
eebf
dd7e
dd7e
bafd
bafd
75fa
75fa
ebf4
ebf4
d7e9
d7e9
afd3
afd3
5fa6
5fa6
bf4d
bf4d
7e9a
7e9a
fd34
fd34
fa68
fa68
f4d1
f4d1
e9a2
e9a2
d345
d345
a68a
a68a
4d15
4d15
9a2a
9a2a
3454
3454
68a8
68a8
d151
d151
a2a2
a2a2
4544
4544
8a88
8a88
1511
1511
2a22
2a22
5445
5445
a88b
a88b
5117
5117
a22f
a22f
445f
445f
88bf
88bf
117f
117f
22ff
22ff
45fe
45fe
8bfd
8bfd
17fb
17fb
2ff7
2ff7
5fef
5fef
bfde
bfde
7fbc
7fbc
ff78
ff78
fef1
fef1
fde2
fde2
fbc4
fbc4
f788
f788
ef11
ef11
de23
de23
bc46
bc46
788d
788d
f11a
f11a
e235
e235
c46b
c46b
88d6
88d6
11ac
11ac
2359
2359
46b2
46b2
8d64
8d64
1ac8
1ac8
3591
3591
6b22
6b22
d644
d644
ac88
ac88
5911
5911
b223
b223
6447
6447
c88e
c88e
911c
911c
2238
2238
4470
4470
88e0
88e0
11c0
11c0
2380
2380
4701
4701
8e02
8e02
1c04
1c04
3808
3808
7011
7011
e023
e023
c047
c047
808f
808f
011f
011f
023e
023e
047c
047c
08f8
08f8
11f0
11f0
23e0
23e0
47c1
47c1
8f82
8f82
1f04
1f04
3e08
3e08
7c11
7c11
f823
f823
f046
f046
e08c
e08c
c118
c118
8230
8230
0460
0460
08c1
08c1
1183
1183
2306
2306
460d
460d
8c1b
8c1b
1837
1837
306e
306e
60dd
60dd
c1bb
c1bb
8376
8376
06ec
06ec
0dd8
0dd8
1bb0
1bb0
3760
3760
6ec0
6ec0
dd80
dd80
bb00
bb00
7601
7601
ec03
ec03
d807
d807
b00e
b00e
601c
601c
c039
c039
8072
8072
00e4
00e4
01c9
01c9
0392
0392
0725
0725
0e4b
0e4b
1c96
1c96
392c
392c
7259
7259
e4b2
e4b2
c965
c965
92cb
92cb
2596
2596
4b2d
4b2d
965b
965b
2cb6
2cb6
596d
596d
b2da
b2da
65b4
65b4
cb68
cb68
96d0
96d0
2da1
2da1
5b43
5b43
b687
b687
6d0f
6d0f
da1f
da1f
b43f
b43f
687e
687e
d0fd
d0fd
a1fb
a1fb
43f7
43f7
87ee
87ee
0fdd
0fdd
1fba
1fba
3f75
3f75
7eea
7eea
fdd4
fdd4
fba8
fba8
f751
f751
eea2
eea2
dd45
dd45
ba8a
ba8a
7514
7514
ea29
ea29
d452
d452
a8a4
a8a4
5148
5148
a290
a290
4520
4520
8a40
8a40
1480
1480
2900
2900
5201
5201
a403
a403
4806
4806
900c
900c
2018
2018
4030
4030
8060
8060
00c0
00c0
0181
0181
0303
0303
0607
0607
0c0f
0c0f
181e
181e
303d
303d
607b
607b
c0f7
c0f7
81ef
81ef
03df
03df
07be
07be
0f7c
0f7c
1ef8
1ef8
3df1
3df1
7be2
7be2
f7c5
f7c5
ef8a
ef8a
df14
df14
be28
be28
7c50
7c50
f8a1
f8a1
f142
f142
e284
e284
c509
c509
8a12
8a12
1424
1424
2848
2848
5090
5090
a121
a121
4242
4242
8484
8484
0908
0908
1210
1210
2420
2420
4841
4841
9082
9082
2105
2105
420b
420b
8417
8417
082e
082e
105c
105c
20b9
20b9
4172
4172
82e4
82e4
05c8
05c8
0b90
0b90
1721
1721
2e42
2e42
5c85
5c85
b90b
b90b
7216
7216
e42d
e42d
c85a
c85a
90b4
90b4
2169
2169
42d2
42d2
85a4
85a4
0b48
0b48
1690
1690
2d20
2d20
5a41
5a41
b483
b483
6907
6907
d20e
d20e
a41d
a41d
483b
483b
9077
9077
20ef
20ef
41de
41de
83bd
83bd
077b
077b
0ef6
0ef6
1ded
1ded
3bdb
3bdb
77b7
77b7
ef6f
ef6f
dede
dede
bdbd
bdbd
7b7a
7b7a
f6f4
f6f4
ede8
ede8
dbd0
dbd0
b7a0
b7a0
6f41
6f41
de82
de82
bd04
bd04
7a09
7a09
f412
f412
e824
e824
d049
d049
a093
a093
4126
4126
824c
824c
0499
0499
0932
0932
1265
1265
24ca
24ca
4994
4994
9328
9328
2650
2650
4ca1
4ca1
9942
9942
3285
3285
650a
650a
ca15
ca15
942b
942b
2856
2856
50ad
50ad
a15a
a15a
42b5
42b5
856a
856a
0ad5
0ad5
15ab
15ab
2b57
2b57
56af
56af
ad5e
ad5e
5abd
5abd
b57a
b57a
6af4
6af4
d5e8
d5e8
abd1
abd1
57a2
57a2
af45
af45
5e8a
5e8a
bd14
bd14
7a29
7a29
f452
f452
e8a4
e8a4
d149
d149
a293
a293
4526
4526
8a4c
8a4c
1499
1499
2933
2933
5267
5267
a4cf
a4cf
499f
499f
933f
933f
267e
267e
4cfc
4cfc
99f9
99f9
33f2
33f2
67e4
67e4
cfc8
cfc8
9f90
9f90
3f21
3f21
7e42
7e42
fc85
fc85
f90a
f90a
f215
f215
e42a
e42a
c854
c854
90a9
90a9
2152
2152
42a5
42a5
854a
854a
0a95
0a95
152b
152b
2a57
2a57
54af
54af
a95e
a95e
52bd
52bd
a57a
a57a
4af5
4af5
95ea
95ea
2bd4
2bd4
57a9
57a9
af52
af52
5ea4
5ea4
bd49
bd49
7a92
7a92
f525
f525
ea4a
ea4a
d494
d494
a928
a928
5251
5251
a4a3
a4a3
4946
4946
928c
928c
2518
2518
4a30
4a30
9460
9460
28c1
28c1
5183
5183
a307
a307
460e
460e
8c1d
8c1d
183b
183b
3077
3077
60ee
60ee
c1dd
c1dd
83ba
83ba
0775
0775
0eeb
0eeb
1dd6
1dd6
3bac
3bac
7759
7759
eeb2
eeb2
dd65
dd65
baca
baca
7594
7594
eb29
eb29
d652
d652
aca4
aca4
5948
5948
b290
b290
6521
6521
ca42
ca42
9485
9485
290b
290b
5216
5216
a42d
a42d
485b
485b
90b7
90b7
216f
216f
42de
42de
85bd
85bd
0b7b
0b7b
16f6
16f6
2dec
2dec
5bd8
5bd8
b7b0
b7b0
6f61
6f61
dec2
dec2
bd84
bd84
7b09
7b09
f612
f612
ec24
ec24
d849
d849
b093
b093
6127
6127
c24e
c24e
849c
849c
0939
0939
1272
1272
24e4
24e4
49c9
49c9
9393
9393
2727
2727
4e4f
4e4f
9c9f
9c9f
393e
393e
727d
727d
e4fa
e4fa
c9f4
c9f4
93e9
93e9
27d2
27d2
4fa5
4fa5
9f4a
9f4a
3e94
3e94
7d28
7d28
fa50
fa50
f4a0
f4a0
e940
e940
d281
d281
a502
a502
4a04
4a04
9408
9408
2810
2810
5021
5021
a043
a043
4086
4086
810c
810c
0219
0219
0432
0432
0865
0865
10cb
10cb
2197
2197
432f
432f
865f
865f
0cbf
0cbf
197e
197e
32fd
32fd
65fb
65fb
cbf7
cbf7
97ef
97ef
2fde
2fde
5fbc
5fbc
bf78
bf78
7ef0
7ef0
fde1
fde1
fbc2
fbc2
f784
f784
ef08
ef08
de10
de10
bc20
bc20
7841
7841
f083
f083
e106
e106
c20d
c20d
841a
841a
0835
0835
106b
106b
20d7
20d7
41af
41af
835f
835f
06bf
06bf
0d7e
0d7e
1afc
1afc
35f9
35f9
6bf3
6bf3
d7e6
d7e6
afcc
afcc
5f99
5f99
bf32
bf32
7e65
7e65
fccb
fccb
f997
f997
f32e
f32e
e65d
e65d
ccba
ccba
9974
9974
32e9
32e9
65d3
65d3
cba6
cba6
974d
974d
2e9a
2e9a
5d34
5d34
ba69
ba69
74d2
74d2
e9a5
e9a5
d34b
d34b
a697
a697
4d2e
4d2e
9a5d
9a5d
34ba
34ba
6975
6975
d2ea
d2ea
a5d5
a5d5
4baa
4baa
9755
9755
2eab
2eab
5d56
5d56
baad
baad
755a
755a
eab4
eab4
d569
d569
aad3
aad3
55a6
55a6
ab4d
ab4d
569b
569b
ad36
ad36
5a6c
5a6c
b4d8
b4d8
69b0
69b0
d360
d360
a6c0
a6c0
4d80
4d80
9b00
9b00
3601
3601
6c02
6c02
d804
d804
b008
b008
6010
6010
c020
c020
8041
8041
0082
0082
0105
0105
020b
020b
0416
0416
082d
082d
105a
105a
20b5
20b5
416b
416b
82d7
82d7
05ae
05ae
0b5c
0b5c
16b8
16b8
2d71
2d71
5ae3
5ae3
b5c7
b5c7
6b8f
6b8f
d71f
d71f
ae3f
ae3f
5c7f
5c7f
b8fe
b8fe
71fc
71fc
e3f8
e3f8
c7f0
c7f0
8fe1
8fe1
1fc2
1fc2
3f84
3f84
7f08
7f08
fe10
fe10
fc20
fc20
f840
f840
f080
f080
e100
e100
c201
c201
8403
8403
0806
0806
100d
100d
201b
201b
4036
4036
806c
806c
00d9
00d9
01b2
01b2
0365
0365
06cb
06cb
0d96
0d96
1b2d
1b2d
365b
365b
6cb7
6cb7
d96e
d96e
b2dd
b2dd
65ba
65ba
cb75
cb75
96eb
96eb
2dd6
2dd6
5bad
5bad
b75a
b75a
6eb4
6eb4
dd68
dd68
bad1
bad1
75a3
75a3
eb47
eb47
d68f
d68f
ad1f
ad1f
5a3f
5a3f
b47e
b47e
68fc
68fc
d1f9
d1f9
a3f3
a3f3
47e6
47e6
8fcc
8fcc
1f99
1f99
3f33
3f33
7e66
7e66
fccd
fccd
f99b
f99b
f337
f337
e66e
e66e
ccdc
ccdc
99b8
99b8
3370
3370
66e0
66e0
cdc0
cdc0
9b81
9b81
3703
3703
6e06
6e06
dc0c
dc0c
b819
b819
7032
7032
e065
e065
c0cb
c0cb
8196
8196
032c
032c
0658
0658
0cb0
0cb0
1961
1961
32c2
32c2
6584
6584
cb08
cb08
9610
9610
2c21
2c21
5843
5843
b087
b087
610f
610f
c21f
c21f
843e
843e
087d
087d
10fa
10fa
21f5
21f5
43eb
43eb
87d7
87d7
0fae
0fae
1f5c
1f5c
3eb9
3eb9
7d73
7d73
fae7
fae7
f5ce
f5ce
eb9d
eb9d
d73a
d73a
ae75
ae75
5cea
5cea
b9d4
b9d4
73a9
73a9
e752
e752
cea5
cea5
9d4b
9d4b
3a96
3a96
752c
752c
ea58
ea58
d4b0
d4b0
a960
a960
52c0
52c0
a581
a581
4b02
4b02
9604
9604
2c09
2c09
5812
5812
b025
b025
604b
604b
c097
c097
812f
812f
025f
025f
04be
04be
097c
097c
12f8
12f8
25f1
25f1
4be3
4be3
97c6
97c6
2f8d
2f8d
5f1a
5f1a
be34
be34
7c69
7c69
f8d2
f8d2
f1a4
f1a4
e348
e348
c690
c690
8d21
8d21
1a42
1a42
3484
3484
6908
6908
d211
d211
a422
a422
4844
4844
9088
9088
2110
2110
4221
4221
8442
8442
0884
0884
1109
1109
2213
2213
4427
4427
884e
884e
109d
109d
213b
213b
4276
4276
84ec
84ec
09d9
09d9
13b2
13b2
2764
2764
4ec9
4ec9
9d93
9d93
3b27
3b27
764e
764e
ec9c
ec9c
d938
d938
b271
b271
64e3
64e3
c9c6
c9c6
938d
938d
271a
271a
4e34
4e34
9c68
9c68
38d0
38d0
71a0
71a0
e341
e341
c683
c683
8d07
8d07
1a0e
1a0e
341d
341d
683b
683b
d077
d077
a0ee
a0ee
41dd
41dd
83bb
83bb
0777
0777
0eef
0eef
1dde
1dde
3bbd
3bbd
777b
777b
eef6
eef6
dded
dded
bbdb
bbdb
77b6
77b6
ef6d
ef6d
deda
deda
bdb5
bdb5
7b6b
7b6b
f6d6
f6d6
edac
edac
db58
db58
b6b1
b6b1
6d63
6d63
dac6
dac6
b58c
b58c
6b18
6b18
d631
d631
ac62
ac62
58c4
58c4
b189
b189
6312
6312
c624
c624
8c49
8c49
1893
1893
3126
3126
624c
624c
c499
c499
8932
8932
1264
1264
24c8
24c8
4990
4990
9320
9320
2641
2641
4c83
4c83
9906
9906
320d
320d
641b
641b
c837
c837
906f
906f
20de
20de
41bc
41bc
8379
8379
06f3
06f3
0de7
0de7
1bcf
1bcf
379f
379f
6f3f
6f3f
de7f
de7f
bcff
bcff
79fe
79fe
f3fc
f3fc
e7f9
e7f9
cff2
cff2
9fe5
9fe5
3fcb
3fcb
7f97
7f97
ff2f
ff2f
fe5f
fe5f
fcbf
fcbf
f97f
f97f
f2ff
f2ff
e5ff
e5ff
cbfe
cbfe
97fc
97fc
2ff8
2ff8
5ff0
5ff0
bfe1
bfe1
7fc3
7fc3
ff87
ff87
ff0e
ff0e
fe1d
fe1d
fc3b
fc3b
f877
f877
f0ee
f0ee
e1dd
e1dd
c3ba
c3ba
8774
8774
0ee8
0ee8
1dd0
1dd0
3ba0
3ba0
7740
7740
ee81
ee81
dd03
dd03
ba06
ba06
740d
740d
e81a
e81a
d034
d034
a068
a068
40d1
40d1
81a2
81a2
0344
0344
0689
0689
0d12
0d12
1a25
1a25
344a
344a
6895
6895
d12a
d12a
a255
a255
44aa
44aa
8955
8955
12aa
12aa
2555
2555
4aab
4aab
9557
9557
2aaf
2aaf
555e
555e
aabc
aabc
5579
5579
aaf2
aaf2
55e4
55e4
abc9
abc9
5793
5793
af27
af27
5e4e
5e4e
bc9c
bc9c
7938
7938
f270
f270
e4e0
e4e0
c9c1
c9c1
9383
9383
2707
2707
4e0f
4e0f
9c1f
9c1f
383e
383e
707d
707d
e0fa
e0fa
c1f4
c1f4
83e9
83e9
07d3
07d3
0fa7
0fa7
1f4f
1f4f
3e9f
3e9f
7d3f
7d3f
fa7e
fa7e
f4fd
f4fd
e9fb
e9fb
d3f6
d3f6
a7ec
a7ec
4fd9
4fd9
9fb3
9fb3
3f67
3f67
7ece
7ece
fd9c
fd9c
fb39
fb39
f673
f673
ece6
ece6
d9cd
d9cd
b39b
b39b
6736
6736
ce6c
ce6c
9cd8
9cd8
39b0
39b0
7360
7360
e6c1
e6c1
cd83
cd83
9b07
9b07
360f
360f
6c1f
6c1f
d83f
d83f
b07f
b07f
60fe
60fe
c1fd
c1fd
83fa
83fa
07f5
07f5
0feb
0feb
1fd6
1fd6
3fac
3fac
7f59
7f59
feb2
feb2
fd64
fd64
fac8
fac8
f591
f591
eb22
eb22
d645
d645
ac8a
ac8a
5915
5915
b22b
b22b
6456
6456
c8ac
c8ac
9158
9158
22b0
22b0
4561
4561
8ac2
8ac2
1584
1584
2b08
2b08
5610
5610
ac21
ac21
5842
5842
b085
b085
610b
610b
c217
c217
842f
842f
085f
085f
10be
10be
217d
217d
42fa
42fa
85f5
85f5
0bea
0bea
17d4
17d4
2fa8
2fa8
5f50
5f50
bea1
bea1
7d43
7d43
fa87
fa87
f50e
f50e
ea1d
ea1d
d43a
d43a
a875
a875
50ea
50ea
a1d4
a1d4
43a8
43a8
8751
8751
0ea2
0ea2
1d45
1d45
3a8a
3a8a
7515
7515
ea2b
ea2b
d456
d456
a8ac
a8ac
5159
5159
a2b2
a2b2
4564
4564
8ac8
8ac8
1591
1591
2b22
2b22
5645
5645
ac8b
ac8b
5917
5917
b22f
b22f
645e
645e
c8bd
c8bd
917a
917a
22f4
22f4
45e9
45e9
8bd3
8bd3
17a6
17a6
2f4c
2f4c
5e98
5e98
bd30
bd30
7a61
7a61
f4c3
f4c3
e986
e986
d30d
d30d
a61b
a61b
4c37
4c37
986e
986e
30dc
30dc
61b9
61b9
c373
c373
86e7
86e7
0dce
0dce
1b9c
1b9c
3739
3739
6e73
6e73
dce6
dce6
b9cc
b9cc
7398
7398
e730
e730
ce61
ce61
9cc3
9cc3
3987
3987
730e
730e
e61c
e61c
cc38
cc38
9870
9870
30e1
30e1
61c2
61c2
c384
c384
8709
8709
0e13
0e13
1c27
1c27
384e
384e
709d
709d
e13a
e13a
c274
c274
84e9
84e9
09d3
09d3
13a7
13a7
274e
274e
4e9c
4e9c
9d39
9d39
3a72
3a72
74e4
74e4
e9c9
e9c9
d392
d392
a724
a724
4e48
4e48
9c91
9c91
3923
3923
7246
7246
e48d
e48d
c91a
c91a
9234
9234
2469
2469
48d2
48d2
91a4
91a4
2349
2349
4692
4692
8d24
8d24
1a48
1a48
3491
3491
6922
6922
d244
d244
a488
a488
4911
4911
9222
9222
2445
2445
488b
488b
9117
9117
222f
222f
445e
445e
88bd
88bd
117b
117b
22f7
22f7
45ef
45ef
8bdf
8bdf
17bf
17bf
2f7f
2f7f
5efe
5efe
bdfc
bdfc
7bf8
7bf8
f7f0
f7f0
efe0
efe0
dfc1
dfc1
bf82
bf82
7f05
7f05
fe0b
fe0b
fc17
fc17
f82e
f82e
f05d
f05d
e0bb
e0bb
c176
c176
82ed
82ed
05db
05db
0bb6
0bb6
176d
176d
2edb
2edb
5db6
5db6
bb6d
bb6d
76da
76da
edb4
edb4
db69
db69
b6d3
b6d3
6da7
6da7
db4e
db4e
b69d
b69d
6d3a
6d3a
da75
da75
b4ea
b4ea
69d4
69d4
d3a8
d3a8
a751
a751
4ea2
4ea2
9d44
9d44
3a89
3a89
7513
7513
ea27
ea27
d44f
d44f
a89f
a89f
513f
513f
a27e
a27e
44fd
44fd
89fb
89fb
13f7
13f7
27ee
27ee
4fdc
4fdc
9fb9
9fb9
3f72
3f72
7ee4
7ee4
fdc9
fdc9
fb93
fb93
f726
f726
ee4c
ee4c
dc98
dc98
b931
b931
7263
7263
e4c7
e4c7
c98f
c98f
931e
931e
263c
263c
4c78
4c78
98f1
98f1
31e3
31e3
63c6
63c6
c78c
c78c
8f18
8f18
1e31
1e31
3c62
3c62
78c4
78c4
f189
f189
e313
e313
c627
c627
8c4f
8c4f
189f
189f
313f
313f
627f
627f
c4ff
c4ff
89fe
89fe
13fd
13fd
27fb
27fb
4ff6
4ff6
9fec
9fec
3fd8
3fd8
7fb1
7fb1
ff63
ff63
fec6
fec6
fd8c
fd8c
fb19
fb19
f633
f633
ec66
ec66
d8cd
d8cd
b19b
b19b
6336
6336
c66c
c66c
8cd8
8cd8
19b1
19b1
3362
3362
66c4
66c4
cd88
cd88
9b10
9b10
3621
3621
6c42
6c42
d884
d884
b108
b108
6210
6210
c420
c420
8841
8841
1082
1082
2104
2104
4209
4209
8413
8413
0826
0826
104d
104d
209b
209b
4136
4136
826c
826c
04d9
04d9
09b2
09b2
1365
1365
26ca
26ca
4d94
4d94
9b28
9b28
3650
3650
6ca0
6ca0
d940
d940
b280
b280
6501
6501
ca02
ca02
9405
9405
280b
280b
5016
5016
a02d
a02d
405b
405b
80b7
80b7
016e
016e
02dc
02dc
05b8
05b8
0b70
0b70
16e1
16e1
2dc2
2dc2
5b85
5b85
b70b
b70b
6e16
6e16
dc2c
dc2c
b859
b859
70b2
70b2
e165
e165
c2cb
c2cb
8596
8596
0b2c
0b2c
1658
1658
2cb1
2cb1
5963
5963
b2c7
b2c7
658f
658f
cb1f
cb1f
963e
963e
2c7c
2c7c
58f8
58f8
b1f0
b1f0
63e1
63e1
c7c2
c7c2
8f85
8f85
1f0a
1f0a
3e15
3e15
7c2a
7c2a
f854
f854
f0a8
f0a8
e151
e151
c2a3
c2a3
8547
8547
0a8e
0a8e
151c
151c
2a39
2a39
5472
5472
a8e5
a8e5
51ca
51ca
a394
a394
4728
4728
8e51
8e51
1ca2
1ca2
3944
3944
7288
7288
e510
e510
ca21
ca21
9443
9443
2887
2887
510f
510f
a21e
a21e
443d
443d
887b
887b
10f7
10f7
21ee
21ee
43dc
43dc
87b9
87b9
0f73
0f73
1ee7
1ee7
3dce
3dce
7b9d
7b9d
f73a
f73a
ee75
ee75
dceb
dceb
b9d7
b9d7
73af
73af
e75e
e75e
cebc
cebc
9d78
9d78
3af0
3af0
75e0
75e0
ebc1
ebc1
d783
d783
af06
af06
5e0c
5e0c
bc18
bc18
7830
7830
f061
f061
e0c2
e0c2
c185
c185
830b
830b
0617
0617
0c2f
0c2f
185e
185e
30bd
30bd
617b
617b
c2f7
c2f7
85ef
85ef
0bdf
0bdf
17be
17be
2f7d
2f7d
5efa
5efa
bdf4
bdf4
7be9
7be9
f7d2
f7d2
efa4
efa4
df49
df49
be93
be93
7d27
7d27
fa4f
fa4f
f49f
f49f
e93f
e93f
d27e
d27e
a4fd
a4fd
49fb
49fb
93f7
93f7
27ef
27ef
4fde
4fde
9fbd
9fbd
3f7a
3f7a
7ef5
7ef5
fdeb
fdeb
fbd7
fbd7
f7ae
f7ae
ef5d
ef5d
deba
deba
bd75
bd75
7aeb
7aeb
f5d6
f5d6
ebac
ebac
d758
d758
aeb1
aeb1
5d62
5d62
bac5
bac5
758b
758b
eb16
eb16
d62d
d62d
ac5b
ac5b
58b7
58b7
b16f
b16f
62de
62de
c5bd
c5bd
8b7a
8b7a
16f5
16f5
2dea
2dea
5bd4
5bd4
b7a9
b7a9
6f52
6f52
dea4
dea4
bd48
bd48
7a90
7a90
f521
f521
ea42
ea42
d485
d485
a90a
a90a
5215
5215
a42b
a42b
4857
4857
90ae
90ae
215c
215c
42b8
42b8
8571
8571
0ae2
0ae2
15c5
15c5
2b8a
2b8a
5714
5714
ae29
ae29
5c53
5c53
b8a7
b8a7
714f
714f
e29e
e29e
c53c
c53c
8a78
8a78
14f1
14f1
29e2
29e2
53c5
53c5
a78b
a78b
4f17
4f17
9e2e
9e2e
3c5c
3c5c
78b9
78b9
f172
f172
e2e4
e2e4
c5c9
c5c9
8b92
8b92
1724
1724
2e48
2e48
5c90
5c90
b921
b921
7243
7243
e487
e487
c90f
c90f
921e
921e
243c
243c
4878
4878
90f1
90f1
21e3
21e3
43c7
43c7
878e
878e
0f1d
0f1d
1e3a
1e3a
3c75
3c75
78ea
78ea
f1d4
f1d4
e3a8
e3a8
c750
c750
8ea1
8ea1
1d42
1d42
3a84
3a84
7508
7508
ea10
ea10
d421
d421
a842
a842
5084
5084
a109
a109
4213
4213
8426
8426
084c
084c
1098
1098
2131
2131
4263
4263
84c6
84c6
098c
098c
1318
1318
2631
2631
4c63
4c63
98c6
98c6
318d
318d
631b
631b
c637
c637
8c6f
8c6f
18df
18df
31bf
31bf
637f
637f
c6ff
c6ff
8dfe
8dfe
1bfd
1bfd
37fb
37fb
6ff7
6ff7
dfee
dfee
bfdd
bfdd
7fba
7fba
ff74
ff74
fee8
fee8
fdd1
fdd1
fba2
fba2
f744
f744
ee88
ee88
dd10
dd10
ba20
ba20
7441
7441
e883
e883
d107
d107
a20e
a20e
441d
441d
883b
883b
1077
1077
20ee
20ee
41dc
41dc
83b9
83b9
0773
0773
0ee7
0ee7
1dcf
1dcf
3b9f
3b9f
773f
773f
ee7e
ee7e
dcfc
dcfc
b9f9
b9f9
73f2
73f2
e7e5
e7e5
cfcb
cfcb
9f96
9f96
3f2d
3f2d
7e5b
7e5b
fcb6
fcb6
f96c
f96c
f2d9
f2d9
e5b3
e5b3
cb67
cb67
96cf
96cf
2d9e
2d9e
5b3c
5b3c
b678
b678
6cf0
6cf0
d9e0
d9e0
b3c0
b3c0
6781
6781
cf02
cf02
9e05
9e05
3c0b
3c0b
7817
7817
f02f
f02f
e05f
e05f
c0be
c0be
817c
817c
02f9
02f9
05f2
05f2
0be5
0be5
17cb
17cb
2f97
2f97
5f2f
5f2f
be5e
be5e
7cbc
7cbc
f978
f978
f2f1
f2f1
e5e2
e5e2
cbc5
cbc5
978b
978b
2f16
2f16
5e2d
5e2d
bc5a
bc5a
78b4
78b4
f169
f169
e2d3
e2d3
c5a7
c5a7
8b4f
8b4f
169f
169f
2d3f
2d3f
5a7e
5a7e
b4fc
b4fc
69f8
69f8
d3f1
d3f1
a7e2
a7e2
4fc4
4fc4
9f88
9f88
3f10
3f10
7e20
7e20
fc41
fc41
f882
f882
f104
f104
e208
e208
c410
c410
8821
8821
1042
1042
2084
2084
4109
4109
8213
8213
0426
0426
084d
084d
109a
109a
2135
2135
426b
426b
84d7
84d7
09ae
09ae
135c
135c
26b9
26b9
4d72
4d72
9ae4
9ae4
35c9
35c9
6b93
6b93
d726
d726
ae4c
ae4c
5c99
5c99
b932
b932
7265
7265
e4cb
e4cb
c996
c996
932d
932d
265a
265a
4cb4
4cb4
9968
9968
32d0
32d0
65a0
65a0
cb40
cb40
9681
9681
2d03
2d03
5a07
5a07
b40f
b40f
681e
681e
d03d
d03d
a07b
a07b
40f7
40f7
81ee
81ee
03dd
03dd
07ba
07ba
0f74
0f74
1ee9
1ee9
3dd3
3dd3
7ba6
7ba6
f74d
f74d
ee9b
ee9b
dd36
dd36
ba6c
ba6c
74d8
74d8
e9b0
e9b0
d361
d361
a6c2
a6c2
4d84
4d84
9b08
9b08
3610
3610
6c20
6c20
d840
d840
b080
b080
6101
6101
c202
c202
8405
8405
080a
080a
1014
1014
2028
