  GRID      NEXT_GRID
xxxxxxxx || xxxxxxxx 
xxxxxxxx || xxxxxxxx 
xxxxxxxx || xxxxxxxx 
xxxxxxxx || xxxxxxxx 
xxxxxxxx || xxxxxxxx 
xxxxxxxx || xxxxxxxx 
xxxxxxxx || xxxxxxxx 
xxxxxxxx || xxxxxxxx 
-------------------- 
  GRID      NEXT_GRID
10101000 || 01101100 
00111100 || 00000100 
00110100 || 00100100 
00000000 || 00111000 
00100100 || 01100000 
01100100 || 01111110 
00010010 || 00101110 
00000100 || 00000000 
-------------------- 
  GRID      NEXT_GRID
01101100 || 00001100 
00000100 || 01110110 
00100100 || 00100100 
00111000 || 00001000 
01100000 || 00000000 
01111110 || 00000010 
00101110 || 01100010 
00000000 || 00000100 
-------------------- 
  GRID      NEXT_GRID
00001100 || 00111110 
01110110 || 01110010 
00100100 || 01100110 
00001000 || 00000000 
00000000 || 00000000 
00000010 || 00000000 
01100010 || 00000110 
00000100 || 00000000 
-------------------- 
  GRID      NEXT_GRID
00111110 || 01001110 
01110010 || 00000001 
01100110 || 01010110 
00000000 || 00000000 
00000000 || 00000000 
00000000 || 00000000 
00000110 || 00000000 
00000000 || 00000000 
-------------------- 
  GRID      NEXT_GRID
01001110 || 00000110 
00000001 || 00100001 
01010110 || 00000010 
00000000 || 00000000 
00000000 || 00000000 
00000000 || 00000000 
00000000 || 00000000 
00000000 || 00000000 
-------------------- 
  GRID      NEXT_GRID
00000110 || 00000010 
00100001 || 00000101 
00000010 || 00000000 
00000000 || 00000000 
00000000 || 00000000 
00000000 || 00000000 
00000000 || 00000000 
00000000 || 00000000 
-------------------- 
  GRID      NEXT_GRID
00000010 || 00000010 
00000101 || 00000010 
00000000 || 00000000 
00000000 || 00000000 
00000000 || 00000000 
00000000 || 00000000 
00000000 || 00000000 
00000000 || 00000000 
-------------------- 
  GRID      NEXT_GRID
00000010 || 00000000 
00000010 || 00000000 
00000000 || 00000000 
00000000 || 00000000 
00000000 || 00000000 
00000000 || 00000000 
00000000 || 00000000 
00000000 || 00000000 
-------------------- 
  GRID      NEXT_GRID
00000000 || 00000000 
00000000 || 00000000 
00000000 || 00000000 
00000000 || 00000000 
00000000 || 00000000 
00000000 || 00000000 
00000000 || 00000000 
00000000 || 00000000 
-------------------- 
  GRID      NEXT_GRID
00000000 || 00000000 
00000000 || 00000000 
00000000 || 00000000 
00000000 || 00000000 
00000000 || 00000000 
00000000 || 00000000 
00000000 || 00000000 
00000000 || 00000000 
-------------------- 
  GRID      NEXT_GRID
00000000 || 00000000 
00000000 || 00000000 
00000000 || 00000000 
00000000 || 00000000 
00000000 || 00000000 
00000000 || 00000000 
00000000 || 00000000 
00000000 || 00000000 
-------------------- 
  GRID      NEXT_GRID
00000000 || 00000000 
00000000 || 00000000 
00000000 || 00000000 
00000000 || 00000000 
00000000 || 00000000 
00000000 || 00000000 
00000000 || 00000000 
00000000 || 00000000 
-------------------- 
  GRID      NEXT_GRID
00000000 || 00000000 
00000000 || 00000000 
00000000 || 00000000 
00000000 || 00000000 
00000000 || 00000000 
00000000 || 00000000 
00000000 || 00000000 
00000000 || 00000000 
-------------------- 
  GRID      NEXT_GRID
00000000 || 00000000 
00000000 || 00000000 
00000000 || 00000000 
00000000 || 00000000 
00000000 || 00000000 
00000000 || 00000000 
00000000 || 00000000 
00000000 || 00000000 
-------------------- 
  GRID      NEXT_GRID
00000000 || 00000000 
00000000 || 00000000 
00000000 || 00000000 
00000000 || 00000000 
00000000 || 00000000 
00000000 || 00000000 
00000000 || 00000000 
00000000 || 00000000 
-------------------- 
  GRID      NEXT_GRID
00000000 || 00000000 
00000000 || 00000000 
00000000 || 00000000 
00000000 || 00000000 
00000000 || 00000000 
00000000 || 00000000 
00000000 || 00000000 
00000000 || 00000000 
-------------------- 
  GRID      NEXT_GRID
00000000 || 00000000 
00000000 || 00000000 
00000000 || 00000000 
00000000 || 00000000 
00000000 || 00000000 
00000000 || 00000000 
00000000 || 00000000 
00000000 || 00000000 
-------------------- 
  GRID      NEXT_GRID
00000000 || 00000000 
00000000 || 00000000 
00000000 || 00000000 
00000000 || 00000000 
00000000 || 00000000 
00000000 || 00000000 
00000000 || 00000000 
00000000 || 00000000 
-------------------- 
  GRID      NEXT_GRID
00000000 || 00000000 
00000000 || 00000000 
00000000 || 00000000 
00000000 || 00000000 
00000000 || 00000000 
00000000 || 00000000 
00000000 || 00000000 
00000000 || 00000000 
-------------------- 
  GRID      NEXT_GRID
00000000 || 00000000 
00000000 || 00000000 
00000000 || 00000000 
00000000 || 00000000 
00000000 || 00000000 
00000000 || 00000000 
00000000 || 00000000 
00000000 || 00000000 
-------------------- 
  GRID      NEXT_GRID
00000000 || 00000000 
00000000 || 00000000 
00000000 || 00000000 
00000000 || 00000000 
00000000 || 00000000 
00000000 || 00000000 
00000000 || 00000000 
00000000 || 00000000 
-------------------- 
  GRID      NEXT_GRID
00000000 || 00000000 
00000000 || 00000000 
00000000 || 00000000 
00000000 || 00000000 
00000000 || 00000000 
00000000 || 00000000 
00000000 || 00000000 
00000000 || 00000000 
-------------------- 
  GRID      NEXT_GRID
00000000 || 00000000 
00000000 || 00000000 
00000000 || 00000000 
00000000 || 00000000 
00000000 || 00000000 
00000000 || 00000000 
00000000 || 00000000 
00000000 || 00000000 
-------------------- 
  GRID      NEXT_GRID
00000000 || 00000000 
00000000 || 00000000 
00000000 || 00000000 
00000000 || 00000000 
00000000 || 00000000 
00000000 || 00000000 
00000000 || 00000000 
00000000 || 00000000 
-------------------- 
  GRID      NEXT_GRID
00000000 || 00000000 
00000000 || 00000000 
00000000 || 00000000 
00000000 || 00000000 
00000000 || 00000000 
00000000 || 00000000 
00000000 || 00000000 
00000000 || 00000000 
-------------------- 
  GRID      NEXT_GRID
00000000 || 00000000 
00000000 || 00000000 
00000000 || 00000000 
00000000 || 00000000 
00000000 || 00000000 
00000000 || 00000000 
00000000 || 00000000 
00000000 || 00000000 
-------------------- 
  GRID      NEXT_GRID
00000000 || 00000000 
00000000 || 00000000 
00000000 || 00000000 
00000000 || 00000000 
00000000 || 00000000 
00000000 || 00000000 
00000000 || 00000000 
00000000 || 00000000 
-------------------- 
  GRID      NEXT_GRID
00000000 || 00000000 
00000000 || 00000000 
00000000 || 00000000 
00000000 || 00000000 
00000000 || 00000000 
00000000 || 00000000 
00000000 || 00000000 
00000000 || 00000000 
-------------------- 
  GRID      NEXT_GRID
00000000 || 00000000 
00000000 || 00000000 
00000000 || 00000000 
00000000 || 00000000 
00000000 || 00000000 
00000000 || 00000000 
00000000 || 00000000 
00000000 || 00000000 
-------------------- 
  GRID      NEXT_GRID
00000000 || 00000000 
00000000 || 00000000 
00000000 || 00000000 
00000000 || 00000000 
00000000 || 00000000 
00000000 || 00000000 
00000000 || 00000000 
00000000 || 00000000 
-------------------- 
  GRID      NEXT_GRID
00000000 || 00000000 
00000000 || 00000000 
00000000 || 00000000 
00000000 || 00000000 
00000000 || 00000000 
00000000 || 00000000 
00000000 || 00000000 
00000000 || 00000000 
-------------------- 
  GRID      NEXT_GRID
00000000 || 00000000 
00000000 || 00000000 
00000000 || 00000000 
00000000 || 00000000 
00000000 || 00000000 
00000000 || 00000000 
00000000 || 00000000 
00000000 || 00000000 
-------------------- 
  GRID      NEXT_GRID
00000000 || 00000000 
00000000 || 00000000 
00000000 || 00000000 
00000000 || 00000000 
00000000 || 00000000 
00000000 || 00000000 
00000000 || 00000000 
00000000 || 00000000 
-------------------- 
  GRID      NEXT_GRID
00000000 || 00000000 
00000000 || 00000000 
00000000 || 00000000 
00000000 || 00000000 
00000000 || 00000000 
00000000 || 00000000 
00000000 || 00000000 
00000000 || 00000000 
-------------------- 
  GRID      NEXT_GRID
00000000 || 00000000 
00000000 || 00000000 
00000000 || 00000000 
00000000 || 00000000 
00000000 || 00000000 
00000000 || 00000000 
00000000 || 00000000 
00000000 || 00000000 
-------------------- 
  GRID      NEXT_GRID
00000000 || 00000000 
00000000 || 00000000 
00000000 || 00000000 
00000000 || 00000000 
00000000 || 00000000 
00000000 || 00000000 
00000000 || 00000000 
00000000 || 00000000 
-------------------- 
  GRID      NEXT_GRID
00000000 || 00000000 
00000000 || 00000000 
00000000 || 00000000 
00000000 || 00000000 
00000000 || 00000000 
00000000 || 00000000 
00000000 || 00000000 
00000000 || 00000000 
-------------------- 
  GRID      NEXT_GRID
00000000 || 00000000 
00000000 || 00000000 
00000000 || 00000000 
00000000 || 00000000 
00000000 || 00000000 
00000000 || 00000000 
00000000 || 00000000 
00000000 || 00000000 
-------------------- 
  GRID      NEXT_GRID
00000000 || 00000000 
00000000 || 00000000 
00000000 || 00000000 
00000000 || 00000000 
00000000 || 00000000 
00000000 || 00000000 
00000000 || 00000000 
00000000 || 00000000 
-------------------- 
  GRID      NEXT_GRID
00000000 || 00000000 
00000000 || 00000000 
00000000 || 00000000 
00000000 || 00000000 
00000000 || 00000000 
00000000 || 00000000 
00000000 || 00000000 
00000000 || 00000000 
-------------------- 
  GRID      NEXT_GRID
00000000 || 00000000 
00000000 || 00000000 
00000000 || 00000000 
00000000 || 00000000 
00000000 || 00000000 
00000000 || 00000000 
00000000 || 00000000 
00000000 || 00000000 
-------------------- 
  GRID      NEXT_GRID
00000000 || 00000000 
00000000 || 00000000 
00000000 || 00000000 
00000000 || 00000000 
00000000 || 00000000 
00000000 || 00000000 
00000000 || 00000000 
00000000 || 00000000 
-------------------- 
  GRID      NEXT_GRID
00000000 || 00000000 
00000000 || 00000000 
00000000 || 00000000 
00000000 || 00000000 
00000000 || 00000000 
00000000 || 00000000 
00000000 || 00000000 
00000000 || 00000000 
-------------------- 
  GRID      NEXT_GRID
00000000 || 00000000 
00000000 || 00000000 
00000000 || 00000000 
00000000 || 00000000 
00000000 || 00000000 
00000000 || 00000000 
00000000 || 00000000 
00000000 || 00000000 
-------------------- 
  GRID      NEXT_GRID
00000000 || 00000000 
00000000 || 00000000 
00000000 || 00000000 
00000000 || 00000000 
00000000 || 00000000 
00000000 || 00000000 
00000000 || 00000000 
00000000 || 00000000 
-------------------- 
  GRID      NEXT_GRID
00000000 || 00000000 
00000000 || 00000000 
00000000 || 00000000 
00000000 || 00000000 
00000000 || 00000000 
00000000 || 00000000 
00000000 || 00000000 
00000000 || 00000000 
-------------------- 
  GRID      NEXT_GRID
00000000 || 00000000 
00000000 || 00000000 
00000000 || 00000000 
00000000 || 00000000 
00000000 || 00000000 
00000000 || 00000000 
00000000 || 00000000 
00000000 || 00000000 
-------------------- 
  GRID      NEXT_GRID
00000000 || 00000000 
00000000 || 00000000 
00000000 || 00000000 
00000000 || 00000000 
00000000 || 00000000 
00000000 || 00000000 
00000000 || 00000000 
00000000 || 00000000 
-------------------- 
  GRID      NEXT_GRID
00000000 || 00000000 
00000000 || 00000000 
00000000 || 00000000 
00000000 || 00000000 
00000000 || 00000000 
00000000 || 00000000 
00000000 || 00000000 
00000000 || 00000000 
-------------------- 
  GRID      NEXT_GRID
00000000 || 00000000 
00000000 || 00000000 
00000000 || 00000000 
00000000 || 00000000 
00000000 || 00000000 
00000000 || 00000000 
00000000 || 00000000 
00000000 || 00000000 
-------------------- 
  GRID      NEXT_GRID
00000000 || 00000000 
00000000 || 00000000 
00000000 || 00000000 
00000000 || 00000000 
00000000 || 00000000 
00000000 || 00000000 
00000000 || 00000000 
00000000 || 00000000 
-------------------- 
  GRID      NEXT_GRID
00000000 || 00000000 
00000000 || 00000000 
00000000 || 00000000 
00000000 || 00000000 
00000000 || 00000000 
00000000 || 00000000 
00000000 || 00000000 
00000000 || 00000000 
-------------------- 
  GRID      NEXT_GRID
00000000 || 00000000 
00000000 || 00000000 
00000000 || 00000000 
00000000 || 00000000 
00000000 || 00000000 
00000000 || 00000000 
00000000 || 00000000 
00000000 || 00000000 
-------------------- 
  GRID      NEXT_GRID
00000000 || 00000000 
00000000 || 00000000 
00000000 || 00000000 
00000000 || 00000000 
00000000 || 00000000 
00000000 || 00000000 
00000000 || 00000000 
00000000 || 00000000 
-------------------- 
  GRID      NEXT_GRID
00000000 || 00000000 
00000000 || 00000000 
00000000 || 00000000 
00000000 || 00000000 
00000000 || 00000000 
00000000 || 00000000 
00000000 || 00000000 
00000000 || 00000000 
-------------------- 
  GRID      NEXT_GRID
00000000 || 00000000 
00000000 || 00000000 
00000000 || 00000000 
00000000 || 00000000 
00000000 || 00000000 
00000000 || 00000000 
00000000 || 00000000 
00000000 || 00000000 
-------------------- 
  GRID      NEXT_GRID
00000000 || 00000000 
00000000 || 00000000 
00000000 || 00000000 
00000000 || 00000000 
00000000 || 00000000 
00000000 || 00000000 
00000000 || 00000000 
00000000 || 00000000 
-------------------- 
  GRID      NEXT_GRID
00000000 || 00000000 
00000000 || 00000000 
00000000 || 00000000 
00000000 || 00000000 
00000000 || 00000000 
00000000 || 00000000 
00000000 || 00000000 
00000000 || 00000000 
-------------------- 
  GRID      NEXT_GRID
00000000 || 00000000 
00000000 || 00000000 
00000000 || 00000000 
00000000 || 00000000 
00000000 || 00000000 
00000000 || 00000000 
00000000 || 00000000 
00000000 || 00000000 
-------------------- 
  GRID      NEXT_GRID
00000000 || 00000000 
00000000 || 00000000 
00000000 || 00000000 
00000000 || 00000000 
00000000 || 00000000 
00000000 || 00000000 
00000000 || 00000000 
00000000 || 00000000 
-------------------- 
  GRID      NEXT_GRID
00000000 || 00000000 
00000000 || 00000000 
00000000 || 00000000 
00000000 || 00000000 
00000000 || 00000000 
00000000 || 00000000 
00000000 || 00000000 
00000000 || 00000000 
-------------------- 
  GRID      NEXT_GRID
00000000 || 00000000 
00000000 || 00000000 
00000000 || 00000000 
00000000 || 00000000 
00000000 || 00000000 
00000000 || 00000000 
00000000 || 00000000 
00000000 || 00000000 
-------------------- 
  GRID      NEXT_GRID
00000000 || 00000000 
00000000 || 00000000 
00000000 || 00000000 
00000000 || 00000000 
00000000 || 00000000 
00000000 || 00000000 
00000000 || 00000000 
00000000 || 00000000 
-------------------- 
  GRID      NEXT_GRID
00000000 || 00000000 
00000000 || 00000000 
00000000 || 00000000 
00000000 || 00000000 
00000000 || 00000000 
00000000 || 00000000 
00000000 || 00000000 
00000000 || 00000000 
-------------------- 
  GRID      NEXT_GRID
00000000 || 00000000 
00000000 || 00000000 
00000000 || 00000000 
00000000 || 00000000 
00000000 || 00000000 
00000000 || 00000000 
00000000 || 00000000 
00000000 || 00000000 
-------------------- 
  GRID      NEXT_GRID
00000000 || 00000000 
00000000 || 00000000 
00000000 || 00000000 
00000000 || 00000000 
00000000 || 00000000 
00000000 || 00000000 
00000000 || 00000000 
00000000 || 00000000 
-------------------- 
  GRID      NEXT_GRID
00000000 || 00000000 
00000000 || 00000000 
00000000 || 00000000 
00000000 || 00000000 
00000000 || 00000000 
00000000 || 00000000 
00000000 || 00000000 
00000000 || 00000000 
-------------------- 
  GRID      NEXT_GRID
00000000 || 00000000 
00000000 || 00000000 
00000000 || 00000000 
00000000 || 00000000 
00000000 || 00000000 
00000000 || 00000000 
00000000 || 00000000 
00000000 || 00000000 
-------------------- 
  GRID      NEXT_GRID
00000000 || 00000000 
00000000 || 00000000 
00000000 || 00000000 
00000000 || 00000000 
00000000 || 00000000 
00000000 || 00000000 
00000000 || 00000000 
00000000 || 00000000 
-------------------- 
  GRID      NEXT_GRID
00000000 || 00000000 
00000000 || 00000000 
00000000 || 00000000 
00000000 || 00000000 
00000000 || 00000000 
00000000 || 00000000 
00000000 || 00000000 
00000000 || 00000000 
-------------------- 
  GRID      NEXT_GRID
00000000 || 00000000 
00000000 || 00000000 
00000000 || 00000000 
00000000 || 00000000 
00000000 || 00000000 
00000000 || 00000000 
00000000 || 00000000 
00000000 || 00000000 
-------------------- 
  GRID      NEXT_GRID
00000000 || 00000000 
00000000 || 00000000 
00000000 || 00000000 
00000000 || 00000000 
00000000 || 00000000 
00000000 || 00000000 
00000000 || 00000000 
00000000 || 00000000 
-------------------- 
  GRID      NEXT_GRID
00000000 || 00000000 
00000000 || 00000000 
00000000 || 00000000 
00000000 || 00000000 
00000000 || 00000000 
00000000 || 00000000 
00000000 || 00000000 
00000000 || 00000000 
-------------------- 
  GRID      NEXT_GRID
00000000 || 00000000 
00000000 || 00000000 
00000000 || 00000000 
00000000 || 00000000 
00000000 || 00000000 
00000000 || 00000000 
00000000 || 00000000 
00000000 || 00000000 
-------------------- 
  GRID      NEXT_GRID
00000000 || 00000000 
00000000 || 00000000 
00000000 || 00000000 
00000000 || 00000000 
00000000 || 00000000 
00000000 || 00000000 
00000000 || 00000000 
00000000 || 00000000 
-------------------- 
  GRID      NEXT_GRID
00000000 || 00000000 
00000000 || 00000000 
00000000 || 00000000 
00000000 || 00000000 
00000000 || 00000000 
00000000 || 00000000 
00000000 || 00000000 
00000000 || 00000000 
-------------------- 
  GRID      NEXT_GRID
00000000 || 00000000 
00000000 || 00000000 
00000000 || 00000000 
00000000 || 00000000 
00000000 || 00000000 
00000000 || 00000000 
00000000 || 00000000 
00000000 || 00000000 
-------------------- 
  GRID      NEXT_GRID
00000000 || 00000000 
00000000 || 00000000 
00000000 || 00000000 
00000000 || 00000000 
00000000 || 00000000 
00000000 || 00000000 
00000000 || 00000000 
00000000 || 00000000 
-------------------- 
  GRID      NEXT_GRID
00000000 || 00000000 
00000000 || 00000000 
00000000 || 00000000 
00000000 || 00000000 
00000000 || 00000000 
00000000 || 00000000 
00000000 || 00000000 
00000000 || 00000000 
-------------------- 
  GRID      NEXT_GRID
00000000 || 00000000 
00000000 || 00000000 
00000000 || 00000000 
00000000 || 00000000 
00000000 || 00000000 
00000000 || 00000000 
00000000 || 00000000 
00000000 || 00000000 
-------------------- 
  GRID      NEXT_GRID
00000000 || 00000000 
00000000 || 00000000 
00000000 || 00000000 
00000000 || 00000000 
00000000 || 00000000 
00000000 || 00000000 
00000000 || 00000000 
00000000 || 00000000 
-------------------- 
  GRID      NEXT_GRID
00000000 || 00000000 
00000000 || 00000000 
00000000 || 00000000 
00000000 || 00000000 
00000000 || 00000000 
00000000 || 00000000 
00000000 || 00000000 
00000000 || 00000000 
-------------------- 
  GRID      NEXT_GRID
00000000 || 00000000 
00000000 || 00000000 
00000000 || 00000000 
00000000 || 00000000 
00000000 || 00000000 
00000000 || 00000000 
00000000 || 00000000 
00000000 || 00000000 
-------------------- 
  GRID      NEXT_GRID
00000000 || 00000000 
00000000 || 00000000 
00000000 || 00000000 
00000000 || 00000000 
00000000 || 00000000 
00000000 || 00000000 
00000000 || 00000000 
00000000 || 00000000 
-------------------- 
  GRID      NEXT_GRID
00000000 || 00000000 
00000000 || 00000000 
00000000 || 00000000 
00000000 || 00000000 
00000000 || 00000000 
00000000 || 00000000 
00000000 || 00000000 
00000000 || 00000000 
-------------------- 
  GRID      NEXT_GRID
00000000 || 00000000 
00000000 || 00000000 
00000000 || 00000000 
00000000 || 00000000 
00000000 || 00000000 
00000000 || 00000000 
00000000 || 00000000 
00000000 || 00000000 
-------------------- 
  GRID      NEXT_GRID
00000000 || 00000000 
00000000 || 00000000 
00000000 || 00000000 
00000000 || 00000000 
00000000 || 00000000 
00000000 || 00000000 
00000000 || 00000000 
00000000 || 00000000 
-------------------- 
  GRID      NEXT_GRID
00000000 || 00000000 
00000000 || 00000000 
00000000 || 00000000 
00000000 || 00000000 
00000000 || 00000000 
00000000 || 00000000 
00000000 || 00000000 
00000000 || 00000000 
-------------------- 
  GRID      NEXT_GRID
00000000 || 00000000 
00000000 || 00000000 
00000000 || 00000000 
00000000 || 00000000 
00000000 || 00000000 
00000000 || 00000000 
00000000 || 00000000 
00000000 || 00000000 
-------------------- 
  GRID      NEXT_GRID
00000000 || 00000000 
00000000 || 00000000 
00000000 || 00000000 
00000000 || 00000000 
00000000 || 00000000 
00000000 || 00000000 
00000000 || 00000000 
00000000 || 00000000 
-------------------- 
  GRID      NEXT_GRID
00000000 || 00000000 
00000000 || 00000000 
00000000 || 00000000 
00000000 || 00000000 
00000000 || 00000000 
00000000 || 00000000 
00000000 || 00000000 
00000000 || 00000000 
-------------------- 
  GRID      NEXT_GRID
00000000 || 00000000 
00000000 || 00000000 
00000000 || 00000000 
00000000 || 00000000 
00000000 || 00000000 
00000000 || 00000000 
00000000 || 00000000 
00000000 || 00000000 
-------------------- 
  GRID      NEXT_GRID
00000000 || 00000000 
00000000 || 00000000 
00000000 || 00000000 
00000000 || 00000000 
00000000 || 00000000 
00000000 || 00000000 
00000000 || 00000000 
00000000 || 00000000 
-------------------- 
  GRID      NEXT_GRID
00000000 || 00000000 
00000000 || 00000000 
00000000 || 00000000 
00000000 || 00000000 
00000000 || 00000000 
00000000 || 00000000 
00000000 || 00000000 
00000000 || 00000000 
-------------------- 
  GRID      NEXT_GRID
00000000 || 00000000 
00000000 || 00000000 
00000000 || 00000000 
00000000 || 00000000 
00000000 || 00000000 
00000000 || 00000000 
00000000 || 00000000 
00000000 || 00000000 
-------------------- 
  GRID      NEXT_GRID
00000000 || 00000000 
00000000 || 00000000 
00000000 || 00000000 
00000000 || 00000000 
00000000 || 00000000 
00000000 || 00000000 
00000000 || 00000000 
00000000 || 00000000 
-------------------- 
  GRID      NEXT_GRID
00000000 || 00000000 
00000000 || 00000000 
00000000 || 00000000 
00000000 || 00000000 
00000000 || 00000000 
00000000 || 00000000 
00000000 || 00000000 
00000000 || 00000000 
-------------------- 
  GRID      NEXT_GRID
00000000 || 00000000 
00000000 || 00000000 
00000000 || 00000000 
00000000 || 00000000 
00000000 || 00000000 
00000000 || 00000000 
00000000 || 00000000 
00000000 || 00000000 
-------------------- 
